#
# There is insufficient memory for the Java Runtime Environment to continue.
# Native memory allocation (malloc) failed to allocate 456736 bytes for Chunk::new
# Possible reasons:
#   The system is out of physical RAM or swap space
#   The process is running with CompressedOops enabled, and the Java Heap may be blocking the growth of the native heap
# Possible solutions:
#   Reduce memory load on the system
#   Increase physical memory or swap space
#   Check if swap backing store is full
#   Decrease Java heap size (-Xmx/-Xms)
#   Decrease number of Java threads
#   Decrease Java thread stack sizes (-Xss)
#   Set larger code cache with -XX:ReservedCodeCacheSize=
#   JVM is running with Unscaled Compressed Oops mode in which the Java heap is
#     placed in the first 4GB address space. The Java Heap base address is the
#     maximum limit for the native heap growth. Please use -XX:HeapBaseMinAddress
#     to set the Java Heap base and to place the Java Heap above 4GB virtual address.
# This output file may be truncated or incomplete.
#
#  Out of Memory Error (allocation.cpp:389), pid=15584, tid=0x0000000000001bc0
#
# JRE version: OpenJDK Runtime Environment (8.0_242-b01) (build 1.8.0_242-release-1644-b01)
# Java VM: OpenJDK 64-Bit Server VM (25.242-b01 mixed mode windows-amd64 compressed oops)
# Failed to write core dump. Minidumps are not enabled by default on client versions of Windows
#

---------------  T H R E A D  ---------------

Current thread (0x0000000017604800):  JavaThread "C2 CompilerThread0" daemon [_thread_in_native, id=7104, stack(0x0000000018c60000,0x0000000018d60000)]

Stack: [0x0000000018c60000,0x0000000018d60000]
[error occurred during error reporting (printing stack bounds), id 0xc0000005]

Native frames: (J=compiled Java code, j=interpreted, Vv=VM code, C=native code)


Current CompileTask:
C2:  79895 18985       4       com.google.common.collect.SparseImmutableTable::<init> (468 bytes)


---------------  P R O C E S S  ---------------

Java Threads: ( => current thread )
  0x000000002d455800 JavaThread "stdout" [_thread_in_native, id=10300, stack(0x000000002f4c0000,0x000000002f5c0000)]
  0x000000002d453000 JavaThread "stderr" [_thread_in_native, id=13384, stack(0x000000002efc0000,0x000000002f0c0000)]
  0x000000002d454800 JavaThread "pool-4-thread-1" [_thread_blocked, id=7144, stack(0x000000002e6c0000,0x000000002e7c0000)]
  0x000000002d452800 JavaThread "WorkerExecutor Queue Thread 3" [_thread_blocked, id=18996, stack(0x000000002e0c0000,0x000000002e1c0000)]
  0x000000002d457000 JavaThread "WorkerExecutor Queue Thread 2" [_thread_in_native, id=14084, stack(0x000000002dbc0000,0x000000002dcc0000)]
  0x000000002d451800 JavaThread "Cache worker for execution history cache (D:\Users\pkalk\AndroidStudioProjects\KotlinApp\.gradle\6.5\executionHistory)" [_thread_blocked, id=21268, stack(0x000000002d9c0000,0x000000002dac0000)]
  0x000000002d450000 JavaThread "Execution worker for ':' Thread 3" [_thread_blocked, id=12248, stack(0x000000002d8c0000,0x000000002d9c0000)]
  0x000000002d44f800 JavaThread "Execution worker for ':' Thread 2" [_thread_blocked, id=17956, stack(0x000000002c450000,0x000000002c550000)]
  0x000000001f417800 JavaThread "Execution worker for ':'" [_thread_blocked, id=17264, stack(0x000000002c1f0000,0x000000002c2f0000)]
  0x000000001f41b800 JavaThread "Cache worker for file content cache (D:\Users\pkalk\AndroidStudioProjects\KotlinApp\.gradle\6.5\fileContent)" [_thread_blocked, id=16156, stack(0x000000002c350000,0x000000002c450000)]
  0x000000001f415800 JavaThread "Cache worker for Build Output Cleanup Cache (D:\Users\pkalk\AndroidStudioProjects\KotlinApp\.gradle\buildOutputCleanup)" [_thread_blocked, id=9760, stack(0x000000002ae40000,0x000000002af40000)]
  0x000000001f416000 JavaThread "jar transforms Thread 225" [_thread_blocked, id=8692, stack(0x000000002a640000,0x000000002a740000)]
  0x000000001f41a000 JavaThread "jar transforms Thread 224" [_thread_blocked, id=18588, stack(0x0000000029270000,0x0000000029370000)]
  0x000000001f419000 JavaThread "jar transforms Thread 223" [_thread_blocked, id=15152, stack(0x0000000029170000,0x0000000029270000)]
  0x000000001f414800 JavaThread "jar transforms Thread 222" [_thread_blocked, id=7512, stack(0x0000000029070000,0x0000000029170000)]
  0x000000001f417000 JavaThread "jar transforms Thread 221" [_thread_blocked, id=10324, stack(0x0000000028f70000,0x0000000029070000)]
  0x000000001f41a800 JavaThread "jar transforms Thread 220" [_thread_blocked, id=1960, stack(0x0000000028e70000,0x0000000028f70000)]
  0x000000001f40d000 JavaThread "jar transforms Thread 219" [_thread_blocked, id=18356, stack(0x0000000028d70000,0x0000000028e70000)]
  0x000000001f411800 JavaThread "jar transforms Thread 218" [_thread_blocked, id=15576, stack(0x0000000028c70000,0x0000000028d70000)]
  0x000000001f411000 JavaThread "jar transforms Thread 217" [_thread_blocked, id=10600, stack(0x0000000028b70000,0x0000000028c70000)]
  0x000000001f410000 JavaThread "jar transforms Thread 216" [_thread_blocked, id=15112, stack(0x0000000028a70000,0x0000000028b70000)]
  0x000000001f414000 JavaThread "jar transforms Thread 215" [_thread_blocked, id=18820, stack(0x0000000028970000,0x0000000028a70000)]
  0x000000001f40c800 JavaThread "jar transforms Thread 214" [_thread_blocked, id=19788, stack(0x0000000028870000,0x0000000028970000)]
  0x000000001f40f800 JavaThread "jar transforms Thread 213" [_thread_blocked, id=14672, stack(0x0000000028770000,0x0000000028870000)]
  0x000000001f412800 JavaThread "jar transforms Thread 212" [_thread_blocked, id=7796, stack(0x0000000028670000,0x0000000028770000)]
  0x000000001f40e800 JavaThread "jar transforms Thread 211" [_thread_blocked, id=4348, stack(0x0000000028570000,0x0000000028670000)]
  0x000000001f40e000 JavaThread "jar transforms Thread 210" [_thread_blocked, id=15972, stack(0x0000000028470000,0x0000000028570000)]
  0x000000001f413000 JavaThread "jar transforms Thread 209" [_thread_blocked, id=5556, stack(0x0000000028370000,0x0000000028470000)]
  0x0000000029e79800 JavaThread "jar transforms Thread 208" [_thread_blocked, id=3252, stack(0x0000000028270000,0x0000000028370000)]
  0x0000000029e78800 JavaThread "jar transforms Thread 207" [_thread_blocked, id=1864, stack(0x0000000028170000,0x0000000028270000)]
  0x0000000029e74000 JavaThread "jar transforms Thread 206" [_thread_blocked, id=9688, stack(0x0000000028070000,0x0000000028170000)]
  0x0000000029e78000 JavaThread "jar transforms Thread 205" [_thread_blocked, id=5472, stack(0x0000000027f70000,0x0000000028070000)]
  0x0000000029e73800 JavaThread "jar transforms Thread 204" [_thread_blocked, id=19144, stack(0x0000000027e70000,0x0000000027f70000)]
  0x0000000029e72800 JavaThread "jar transforms Thread 203" [_thread_blocked, id=19036, stack(0x0000000027d70000,0x0000000027e70000)]
  0x0000000029e77000 JavaThread "jar transforms Thread 202" [_thread_blocked, id=13096, stack(0x0000000027c70000,0x0000000027d70000)]
  0x0000000029e76800 JavaThread "jar transforms Thread 201" [_thread_blocked, id=12920, stack(0x0000000027b70000,0x0000000027c70000)]
  0x0000000029e75800 JavaThread "jar transforms Thread 200" [_thread_blocked, id=5524, stack(0x0000000027a70000,0x0000000027b70000)]
  0x0000000029e75000 JavaThread "jar transforms Thread 199" [_thread_blocked, id=14696, stack(0x0000000027970000,0x0000000027a70000)]
  0x0000000029e6b000 JavaThread "jar transforms Thread 198" [_thread_blocked, id=15620, stack(0x0000000027870000,0x0000000027970000)]
  0x0000000029e72000 JavaThread "jar transforms Thread 197" [_thread_blocked, id=1824, stack(0x0000000027770000,0x0000000027870000)]
  0x0000000029e6a800 JavaThread "jar transforms Thread 196" [_thread_blocked, id=21308, stack(0x0000000027670000,0x0000000027770000)]
  0x0000000029e71000 JavaThread "jar transforms Thread 195" [_thread_blocked, id=13988, stack(0x0000000027570000,0x0000000027670000)]
  0x0000000029e6f800 JavaThread "jar transforms Thread 194" [_thread_blocked, id=4760, stack(0x0000000027470000,0x0000000027570000)]
  0x0000000029e6f000 JavaThread "jar transforms Thread 193" [_thread_blocked, id=20092, stack(0x0000000027370000,0x0000000027470000)]
  0x0000000029e6c800 JavaThread "jar transforms Thread 192" [_thread_blocked, id=14544, stack(0x0000000027270000,0x0000000027370000)]
  0x0000000029e6c000 JavaThread "jar transforms Thread 191" [_thread_blocked, id=11456, stack(0x0000000027170000,0x0000000027270000)]
  0x0000000029e70800 JavaThread "jar transforms Thread 190" [_thread_blocked, id=872, stack(0x0000000027070000,0x0000000027170000)]
  0x0000000029e6e000 JavaThread "jar transforms Thread 189" [_thread_blocked, id=11912, stack(0x0000000026f70000,0x0000000027070000)]
  0x0000000029e6d800 JavaThread "jar transforms Thread 188" [_thread_blocked, id=6180, stack(0x0000000026e70000,0x0000000026f70000)]
  0x000000001f729000 JavaThread "jar transforms Thread 187" [_thread_blocked, id=21444, stack(0x0000000026d70000,0x0000000026e70000)]
  0x000000001f728800 JavaThread "jar transforms Thread 186" [_thread_blocked, id=11396, stack(0x0000000026c70000,0x0000000026d70000)]
  0x000000001f727800 JavaThread "jar transforms Thread 185" [_thread_blocked, id=17676, stack(0x0000000026b70000,0x0000000026c70000)]
  0x000000001f72d000 JavaThread "jar transforms Thread 184" [_thread_blocked, id=10216, stack(0x0000000026a70000,0x0000000026b70000)]
  0x000000001f727000 JavaThread "jar transforms Thread 183" [_thread_blocked, id=7128, stack(0x0000000026970000,0x0000000026a70000)]
  0x000000001f72a000 JavaThread "jar transforms Thread 182" [_thread_blocked, id=18744, stack(0x0000000026870000,0x0000000026970000)]
  0x000000001f72c000 JavaThread "jar transforms Thread 181" [_thread_blocked, id=21272, stack(0x0000000026770000,0x0000000026870000)]
  0x000000001f72a800 JavaThread "jar transforms Thread 180" [_thread_blocked, id=15216, stack(0x0000000026670000,0x0000000026770000)]
  0x000000001f72b800 JavaThread "jar transforms Thread 179" [_thread_blocked, id=16644, stack(0x0000000026570000,0x0000000026670000)]
  0x000000001f71f800 JavaThread "jar transforms Thread 178" [_thread_blocked, id=16120, stack(0x0000000026470000,0x0000000026570000)]
  0x000000001f724000 JavaThread "jar transforms Thread 177" [_thread_blocked, id=19072, stack(0x0000000026370000,0x0000000026470000)]
  0x000000001f723000 JavaThread "jar transforms Thread 176" [_thread_blocked, id=14468, stack(0x0000000026270000,0x0000000026370000)]
  0x000000001f720000 JavaThread "jar transforms Thread 175" [_thread_blocked, id=21276, stack(0x0000000026170000,0x0000000026270000)]
  0x000000001f722800 JavaThread "jar transforms Thread 174" [_thread_blocked, id=15916, stack(0x0000000026070000,0x0000000026170000)]
  0x000000001f721800 JavaThread "jar transforms Thread 173" [_thread_blocked, id=13376, stack(0x0000000025f70000,0x0000000026070000)]
  0x000000001f726000 JavaThread "jar transforms Thread 172" [_thread_blocked, id=15472, stack(0x0000000025e70000,0x0000000025f70000)]
  0x000000001f71e800 JavaThread "jar transforms Thread 171" [_thread_blocked, id=6296, stack(0x0000000025d70000,0x0000000025e70000)]
  0x000000001f725800 JavaThread "jar transforms Thread 170" [_thread_blocked, id=13208, stack(0x0000000025c70000,0x0000000025d70000)]
  0x000000001f71e000 JavaThread "jar transforms Thread 169" [_thread_blocked, id=16500, stack(0x0000000025b70000,0x0000000025c70000)]
  0x000000001f724800 JavaThread "jar transforms Thread 168" [_thread_blocked, id=11420, stack(0x0000000025a70000,0x0000000025b70000)]
  0x000000001f721000 JavaThread "jar transforms Thread 167" [_thread_blocked, id=6352, stack(0x0000000025970000,0x0000000025a70000)]
  0x000000001ea22800 JavaThread "jar transforms Thread 166" [_thread_blocked, id=4140, stack(0x0000000025870000,0x0000000025970000)]
  0x000000001ea1f000 JavaThread "jar transforms Thread 165" [_thread_blocked, id=17044, stack(0x0000000025770000,0x0000000025870000)]
  0x000000001ea1e000 JavaThread "jar transforms Thread 164" [_thread_blocked, id=6904, stack(0x0000000025670000,0x0000000025770000)]
  0x000000001ea22000 JavaThread "jar transforms Thread 163" [_thread_blocked, id=18424, stack(0x0000000025570000,0x0000000025670000)]
  0x000000001ea21000 JavaThread "jar transforms Thread 162" [_thread_blocked, id=11656, stack(0x0000000025470000,0x0000000025570000)]
  0x000000001ea20800 JavaThread "jar transforms Thread 161" [_thread_blocked, id=18508, stack(0x0000000025370000,0x0000000025470000)]
  0x000000001ea1f800 JavaThread "jar transforms Thread 160" [_thread_blocked, id=15140, stack(0x0000000025270000,0x0000000025370000)]
  0x000000001ea16800 JavaThread "jar transforms Thread 159" [_thread_blocked, id=12636, stack(0x0000000025170000,0x0000000025270000)]
  0x000000001ea1d800 JavaThread "jar transforms Thread 158" [_thread_blocked, id=21232, stack(0x0000000025070000,0x0000000025170000)]
  0x000000001ea16000 JavaThread "jar transforms Thread 157" [_thread_blocked, id=8248, stack(0x0000000024f70000,0x0000000025070000)]
  0x000000001ea18000 JavaThread "jar transforms Thread 156" [_thread_blocked, id=14628, stack(0x0000000024e70000,0x0000000024f70000)]
  0x000000001ea1c800 JavaThread "jar transforms Thread 155" [_thread_blocked, id=8560, stack(0x0000000024d70000,0x0000000024e70000)]
  0x000000001ea1c000 JavaThread "jar transforms Thread 154" [_thread_blocked, id=11048, stack(0x0000000024c70000,0x0000000024d70000)]
  0x000000001ea14800 JavaThread "jar transforms Thread 153" [_thread_blocked, id=3472, stack(0x0000000024b70000,0x0000000024c70000)]
  0x000000001ea17800 JavaThread "jar transforms Thread 152" [_thread_blocked, id=448, stack(0x0000000024a70000,0x0000000024b70000)]
  0x000000001ea1b000 JavaThread "jar transforms Thread 151" [_thread_blocked, id=7432, stack(0x0000000024970000,0x0000000024a70000)]
  0x000000001ea13800 JavaThread "jar transforms Thread 150" [_thread_blocked, id=20500, stack(0x0000000024870000,0x0000000024970000)]
  0x000000001ea19800 JavaThread "jar transforms Thread 149" [_thread_blocked, id=11432, stack(0x0000000024770000,0x0000000024870000)]
  0x000000001ea19000 JavaThread "jar transforms Thread 148" [_thread_blocked, id=21476, stack(0x0000000024670000,0x0000000024770000)]
  0x000000001ea15000 JavaThread "jar transforms Thread 147" [_thread_blocked, id=14308, stack(0x0000000024570000,0x0000000024670000)]
  0x000000001ea1a800 JavaThread "jar transforms Thread 146" [_thread_blocked, id=15728, stack(0x0000000024470000,0x0000000024570000)]
  0x000000001ddc6800 JavaThread "jar transforms Thread 145" [_thread_blocked, id=12744, stack(0x0000000024370000,0x0000000024470000)]
  0x000000001ddc4000 JavaThread "jar transforms Thread 144" [_thread_blocked, id=18092, stack(0x0000000024270000,0x0000000024370000)]
  0x000000001b017000 JavaThread "jar transforms Thread 143" [_thread_blocked, id=3672, stack(0x0000000024170000,0x0000000024270000)]
  0x000000001b014000 JavaThread "jar transforms Thread 142" [_thread_blocked, id=17040, stack(0x0000000024070000,0x0000000024170000)]
  0x000000001b016000 JavaThread "jar transforms Thread 141" [_thread_blocked, id=6252, stack(0x0000000023f70000,0x0000000024070000)]
  0x000000001b013000 JavaThread "jar transforms Thread 140" [_thread_blocked, id=10588, stack(0x0000000023e70000,0x0000000023f70000)]
  0x000000001b019000 JavaThread "jar transforms Thread 139" [_thread_blocked, id=17068, stack(0x0000000023d70000,0x0000000023e70000)]
  0x000000001e3cb800 JavaThread "jar transforms Thread 138" [_thread_blocked, id=17400, stack(0x0000000023c70000,0x0000000023d70000)]
  0x000000001e3c9800 JavaThread "jar transforms Thread 137" [_thread_blocked, id=18800, stack(0x0000000023b70000,0x0000000023c70000)]
  0x000000001e3c8000 JavaThread "jar transforms Thread 136" [_thread_blocked, id=12828, stack(0x0000000023a70000,0x0000000023b70000)]
  0x000000001e3ca000 JavaThread "jar transforms Thread 135" [_thread_blocked, id=17680, stack(0x0000000023970000,0x0000000023a70000)]
  0x000000001e3cb000 JavaThread "jar transforms Thread 134" [_thread_blocked, id=7208, stack(0x0000000023870000,0x0000000023970000)]
  0x000000001e3c6800 JavaThread "jar transforms Thread 133" [_thread_blocked, id=1688, stack(0x0000000023770000,0x0000000023870000)]
  0x000000001e3cd000 JavaThread "jar transforms Thread 132" [_thread_blocked, id=16056, stack(0x0000000023670000,0x0000000023770000)]
  0x000000001b329800 JavaThread "jar transforms Thread 131" [_thread_blocked, id=18000, stack(0x0000000023570000,0x0000000023670000)]
  0x000000001b32d000 JavaThread "jar transforms Thread 130" [_thread_blocked, id=16204, stack(0x0000000023470000,0x0000000023570000)]
  0x000000001b328800 JavaThread "jar transforms Thread 129" [_thread_blocked, id=2320, stack(0x0000000023370000,0x0000000023470000)]
  0x000000001b32b800 JavaThread "jar transforms Thread 128" [_thread_blocked, id=8596, stack(0x0000000023270000,0x0000000023370000)]
  0x000000001b32a000 JavaThread "jar transforms Thread 127" [_thread_blocked, id=17304, stack(0x0000000023170000,0x0000000023270000)]
  0x000000001b32c800 JavaThread "jar transforms Thread 126" [_thread_blocked, id=10596, stack(0x0000000023070000,0x0000000023170000)]
  0x000000001b321000 JavaThread "jar transforms Thread 125" [_thread_blocked, id=19476, stack(0x0000000022f70000,0x0000000023070000)]
  0x000000001b328000 JavaThread "jar transforms Thread 124" [_thread_blocked, id=8292, stack(0x0000000022e70000,0x0000000022f70000)]
  0x000000001b320000 JavaThread "jar transforms Thread 123" [_thread_blocked, id=6644, stack(0x0000000022d70000,0x0000000022e70000)]
  0x000000001b327000 JavaThread "jar transforms Thread 122" [_thread_blocked, id=12436, stack(0x0000000022b70000,0x0000000022c70000)]
  0x000000001b31f800 JavaThread "jar transforms Thread 121" [_thread_blocked, id=13996, stack(0x0000000022a70000,0x0000000022b70000)]
  0x000000001b31e800 JavaThread "jar transforms Thread 120" [_thread_blocked, id=3448, stack(0x0000000022970000,0x0000000022a70000)]
  0x000000001b325000 JavaThread "jar transforms Thread 119" [_thread_blocked, id=4596, stack(0x0000000022870000,0x0000000022970000)]
  0x000000001b324000 JavaThread "jar transforms Thread 118" [_thread_blocked, id=13964, stack(0x0000000022770000,0x0000000022870000)]
  0x000000001b323800 JavaThread "jar transforms Thread 117" [_thread_blocked, id=8568, stack(0x0000000022670000,0x0000000022770000)]
  0x000000001b322000 JavaThread "jar transforms Thread 116" [_thread_blocked, id=7300, stack(0x0000000022570000,0x0000000022670000)]
  0x000000001dabd800 JavaThread "jar transforms Thread 115" [_thread_blocked, id=16544, stack(0x0000000022470000,0x0000000022570000)]
  0x000000001daba800 JavaThread "jar transforms Thread 114" [_thread_blocked, id=18680, stack(0x0000000022370000,0x0000000022470000)]
  0x000000001dabd000 JavaThread "Build operations Thread 4" [_thread_blocked, id=21004, stack(0x0000000022270000,0x0000000022370000)]
  0x000000001dabc000 JavaThread "Build operations Thread 3" [_thread_blocked, id=5756, stack(0x0000000022170000,0x0000000022270000)]
  0x000000001daba000 JavaThread "Build operations Thread 2" [_thread_blocked, id=13956, stack(0x0000000021770000,0x0000000021870000)]
  0x000000001dab9000 JavaThread "Build operations" [_thread_blocked, id=5752, stack(0x0000000020f70000,0x0000000021070000)]
  0x000000001dabb800 JavaThread "Cache worker for cache directory md-rule (C:\Users\pkalk\.gradle\caches\6.5\md-rule)" [_thread_blocked, id=12460, stack(0x0000000020e70000,0x0000000020f70000)]
  0x000000001dab1000 JavaThread "Cache worker for cache directory md-supplier (C:\Users\pkalk\.gradle\caches\6.5\md-supplier)" [_thread_blocked, id=17428, stack(0x000000001fb20000,0x000000001fc20000)]
  0x000000001dab7000 JavaThread "Cache worker for checksums cache (D:\Users\pkalk\AndroidStudioProjects\KotlinApp\.gradle\checksums)" [_thread_blocked, id=18360, stack(0x000000001f820000,0x000000001f920000)]
  0x000000001dab6000 JavaThread "Cache worker for file hash cache (D:\Users\pkalk\AndroidStudioProjects\KotlinApp\.gradle\6.5\fileHashes)" [_thread_blocked, id=17340, stack(0x000000001ce80000,0x000000001cf80000)]
  0x000000001dab7800 JavaThread "Thread-155" [_thread_blocked, id=7468, stack(0x000000001cc80000,0x000000001cd80000)]
  0x000000001dab0000 JavaThread "Stdin handler" [_thread_blocked, id=1408, stack(0x000000001cb80000,0x000000001cc80000)]
  0x000000001dab2800 JavaThread "Asynchronous log dispatcher for DefaultDaemonConnection: socket connection from /127.0.0.1:32797 to /127.0.0.1:32813" [_thread_blocked, id=11464, stack(0x0000000000e00000,0x0000000000f00000)]
  0x000000001dab5800 JavaThread "Cancel handler" [_thread_blocked, id=14280, stack(0x0000000000d00000,0x0000000000e00000)]
  0x000000001dab1800 JavaThread "Handler for socket connection from /127.0.0.1:32797 to /127.0.0.1:32813" [_thread_in_native, id=7648, stack(0x0000000000c00000,0x0000000000d00000)]
  0x000000001ddc6000 JavaThread "Cache worker for Java compile cache (C:\Users\pkalk\.gradle\caches\6.5\javaCompile)" [_thread_blocked, id=15984, stack(0x000000002eec0000,0x000000002efc0000)]
  0x000000001ddc2000 JavaThread "RMI TCP Connection(idle)" daemon [_thread_blocked, id=4700, stack(0x000000002edc0000,0x000000002eec0000)]
  0x000000001ddc5000 JavaThread "RMI TCP Connection(idle)" daemon [_thread_blocked, id=13484, stack(0x000000002eac0000,0x000000002ebc0000)]
  0x000000001ddc3800 JavaThread "RMI Reaper" [_thread_blocked, id=11924, stack(0x000000002e9c0000,0x000000002eac0000)]
  0x000000001ddc2800 JavaThread "RMI TCP Accept-0" daemon [_thread_in_native, id=528, stack(0x000000002e8c0000,0x000000002e9c0000)]
  0x000000001ddc8000 JavaThread "GC Daemon" daemon [_thread_blocked, id=11088, stack(0x000000002e7c0000,0x000000002e8c0000)]
  0x000000001ddc7800 JavaThread "RMI Scheduler(0)" daemon [_thread_blocked, id=12736, stack(0x000000002e5c0000,0x000000002e6c0000)]
  0x000000001b326800 JavaThread "Memory manager" [_thread_blocked, id=15720, stack(0x000000002a940000,0x000000002aa40000)]
  0x000000001b325800 JavaThread "jar transforms Thread 113" [_thread_blocked, id=15276, stack(0x0000000029370000,0x0000000029470000)]
  0x000000001b01a000 JavaThread "Cache worker for file content cache (C:\Users\pkalk\.gradle\caches\6.5\fileContent)" [_thread_blocked, id=14584, stack(0x0000000021870000,0x0000000021970000)]
  0x000000001b014800 JavaThread "Cache worker for execution history cache (C:\Users\pkalk\.gradle\caches\6.5\executionHistory)" [_thread_blocked, id=2448, stack(0x0000000021070000,0x0000000021170000)]
  0x000000001b015800 JavaThread "Cache worker for file hash cache (C:\Users\pkalk\.gradle\caches\6.5\fileHashes)" [_thread_blocked, id=10640, stack(0x000000001d580000,0x000000001d680000)]
  0x000000001b018800 JavaThread "File lock request listener" [_thread_in_native, id=19736, stack(0x000000001d480000,0x000000001d580000)]
  0x000000001b012000 JavaThread "Cache worker for journal cache (C:\Users\pkalk\.gradle\caches\journal-1)" [_thread_blocked, id=3688, stack(0x000000001d380000,0x000000001d480000)]
  0x000000001a14b000 JavaThread "Daemon worker" [_thread_blocked, id=18760, stack(0x000000001cd80000,0x000000001ce80000)]
  0x000000001983c800 JavaThread "Daemon" [_thread_blocked, id=13992, stack(0x000000001ca80000,0x000000001cb80000)]
  0x000000001a89a800 JavaThread "Daemon periodic checks" [_thread_blocked, id=18952, stack(0x000000001c780000,0x000000001c880000)]
  0x000000001aeff800 JavaThread "Incoming local TCP Connector on port 32797" [_thread_in_native, id=7684, stack(0x000000001c540000,0x000000001c640000)]
  0x0000000019022000 JavaThread "Daemon health stats" [_thread_blocked, id=14568, stack(0x000000001bf00000,0x000000001c000000)]
  0x0000000018f88800 JavaThread "Service Thread" daemon [_thread_blocked, id=12948, stack(0x0000000019360000,0x0000000019460000)]
  0x0000000017613000 JavaThread "C1 CompilerThread2" daemon [_thread_blocked, id=16084, stack(0x0000000018e60000,0x0000000018f60000)]
  0x000000001760c800 JavaThread "C2 CompilerThread1" daemon [_thread_in_native, id=21424, stack(0x0000000018d60000,0x0000000018e60000)]
=>0x0000000017604800 JavaThread "C2 CompilerThread0" daemon [_thread_in_native, id=7104, stack(0x0000000018c60000,0x0000000018d60000)]
  0x0000000017603800 JavaThread "Attach Listener" daemon [_thread_blocked, id=16764, stack(0x0000000018b60000,0x0000000018c60000)]
  0x0000000017608000 JavaThread "Signal Dispatcher" daemon [_thread_blocked, id=13592, stack(0x0000000018a60000,0x0000000018b60000)]
  0x00000000029dc800 JavaThread "Finalizer" daemon [_thread_blocked, id=17204, stack(0x0000000018860000,0x0000000018960000)]
  0x00000000175e9800 JavaThread "Reference Handler" daemon [_thread_blocked, id=13744, stack(0x0000000018760000,0x0000000018860000)]
  0x00000000028de000 JavaThread "main" [_thread_blocked, id=2388, stack(0x00000000027d0000,0x00000000028d0000)]

Other Threads:
  0x00000000175c6000 VMThread [stack: 0x0000000018660000,0x0000000018760000] [id=8244]
  0x0000000018f8d000 WatcherThread [stack: 0x0000000019460000,0x0000000019560000] [id=9048]

VM state:not at safepoint (normal execution)

VM Mutex/Monitor currently owned by a thread: None

heap address: 0x0000000080000000, size: 2048 MB, Compressed Oops mode: 32-bit
Narrow klass base: 0x0000000000000000, Narrow klass shift: 3
Compressed class space size: 1073741824 Address: 0x0000000100000000

Heap:
 PSYoungGen      total 638464K, used 480800K [0x00000000d5580000, 0x00000000ffc00000, 0x0000000100000000)
  eden space 582144K, 76% used [0x00000000d5580000,0x00000000f0a65650,0x00000000f8e00000)
  from space 56320K, 59% used [0x00000000f8e00000,0x00000000faea29d0,0x00000000fc500000)
  to   space 55296K, 0% used [0x00000000fc600000,0x00000000fc600000,0x00000000ffc00000)
 ParOldGen       total 403968K, used 331478K [0x0000000080000000, 0x0000000098a80000, 0x00000000d5580000)
  object space 403968K, 82% used [0x0000000080000000,0x00000000943b5888,0x0000000098a80000)
 Metaspace       used 100787K, capacity 105816K, committed 106136K, reserved 1140736K
  class space    used 13199K, capacity 14152K, committed 14256K, reserved 1048576K

Card table byte_map: [0x0000000011da0000,0x00000000121b0000] byte_map_base: 0x00000000119a0000

Marking Bits: (ParMarkBitMap*) 0x0000000061a2f030
 Begin Bits: [0x0000000012860000, 0x0000000014860000)
 End Bits:   [0x0000000014860000, 0x0000000016860000)

Polling page: 0x0000000000f20000

CodeCache: size=245760Kb used=51940Kb max_used=51940Kb free=193819Kb
 bounds [0x00000000029e0000, 0x0000000005cd0000, 0x00000000119e0000]
 total_blobs=16375 nmethods=15452 adapters=833
 compilation: enabled

Compilation events (10 events):
Event: 77.855 Thread 0x000000001760c800 18993   !   4       java.nio.ByteBuffer::wrap (20 bytes)
Event: 77.858 Thread 0x000000001760c800 nmethod 18993 0x0000000005cbfb90 code [0x0000000005cbfce0, 0x0000000005cbff18]
Event: 77.858 Thread 0x000000001760c800 18998       4       com.android.builder.symbols.BytecodeRClassWriterKt::generateResourceTypeClass (595 bytes)
Event: 77.860 Thread 0x0000000017613000 19000       3       org.objectweb.asm.MethodWriter::visitMaxs (60 bytes)
Event: 79.875 Thread 0x0000000017613000 nmethod 19000 0x0000000005cbf690 code [0x0000000005cbf820, 0x0000000005cbfad8]
Event: 79.875 Thread 0x0000000017613000 19001       3       org.objectweb.asm.MethodWriter::visitEnd (1 bytes)
Event: 79.875 Thread 0x0000000017613000 nmethod 19001 0x0000000005cbf350 code [0x0000000005cbf4a0, 0x0000000005cbf5f0]
Event: 79.887 Thread 0x0000000017613000 19003       3       com.android.zipflinger.ZipWriter::position (12 bytes)
Event: 79.888 Thread 0x0000000017613000 nmethod 19003 0x0000000005cbee90 code [0x0000000005cbf000, 0x0000000005cbf258]
Event: 79.888 Thread 0x0000000017613000 19004       1       com.android.zipflinger.Location::size (12 bytes)

GC Heap History (10 events):
Event: 47.240 GC heap before
{Heap before GC invocations=44 (full 5):
 PSYoungGen      total 637952K, used 613959K [0x00000000d5580000, 0x0000000100000000, 0x0000000100000000)
  eden space 579072K, 100% used [0x00000000d5580000,0x00000000f8b00000,0x00000000f8b00000)
  from space 58880K, 59% used [0x00000000fc500000,0x00000000fe711c30,0x00000000ffe80000)
  to   space 59392K, 0% used [0x00000000f8b00000,0x00000000f8b00000,0x00000000fc500000)
 ParOldGen       total 403968K, used 321583K [0x0000000080000000, 0x0000000098a80000, 0x00000000d5580000)
  object space 403968K, 79% used [0x0000000080000000,0x0000000093a0be88,0x0000000098a80000)
 Metaspace       used 95720K, capacity 100418K, committed 100888K, reserved 1136640K
  class space    used 12813K, capacity 13703K, committed 13872K, reserved 1048576K
Event: 47.248 GC heap after
Heap after GC invocations=44 (full 5):
 PSYoungGen      total 638464K, used 36706K [0x00000000d5580000, 0x0000000100000000, 0x0000000100000000)
  eden space 579072K, 0% used [0x00000000d5580000,0x00000000d5580000,0x00000000f8b00000)
  from space 59392K, 61% used [0x00000000f8b00000,0x00000000faed8b48,0x00000000fc500000)
  to   space 59904K, 0% used [0x00000000fc580000,0x00000000fc580000,0x0000000100000000)
 ParOldGen       total 403968K, used 321583K [0x0000000080000000, 0x0000000098a80000, 0x00000000d5580000)
  object space 403968K, 79% used [0x0000000080000000,0x0000000093a0be88,0x0000000098a80000)
 Metaspace       used 95720K, capacity 100418K, committed 100888K, reserved 1136640K
  class space    used 12813K, capacity 13703K, committed 13872K, reserved 1048576K
}
Event: 47.685 GC heap before
{Heap before GC invocations=45 (full 5):
 PSYoungGen      total 638464K, used 615778K [0x00000000d5580000, 0x0000000100000000, 0x0000000100000000)
  eden space 579072K, 100% used [0x00000000d5580000,0x00000000f8b00000,0x00000000f8b00000)
  from space 59392K, 61% used [0x00000000f8b00000,0x00000000faed8b48,0x00000000fc500000)
  to   space 59904K, 0% used [0x00000000fc580000,0x00000000fc580000,0x0000000100000000)
 ParOldGen       total 403968K, used 321583K [0x0000000080000000, 0x0000000098a80000, 0x00000000d5580000)
  object space 403968K, 79% used [0x0000000080000000,0x0000000093a0be88,0x0000000098a80000)
 Metaspace       used 95720K, capacity 100418K, committed 100888K, reserved 1136640K
  class space    used 12813K, capacity 13703K, committed 13872K, reserved 1048576K
Event: 47.694 GC heap after
Heap after GC invocations=45 (full 5):
 PSYoungGen      total 638976K, used 34526K [0x00000000d5580000, 0x00000000fff80000, 0x0000000100000000)
  eden space 579584K, 0% used [0x00000000d5580000,0x00000000d5580000,0x00000000f8b80000)
  from space 59392K, 58% used [0x00000000fc580000,0x00000000fe737a10,0x00000000fff80000)
  to   space 59392K, 0% used [0x00000000f8b80000,0x00000000f8b80000,0x00000000fc580000)
 ParOldGen       total 403968K, used 324695K [0x0000000080000000, 0x0000000098a80000, 0x00000000d5580000)
  object space 403968K, 80% used [0x0000000080000000,0x0000000093d15fc8,0x0000000098a80000)
 Metaspace       used 95720K, capacity 100418K, committed 100888K, reserved 1136640K
  class space    used 12813K, capacity 13703K, committed 13872K, reserved 1048576K
}
Event: 48.112 GC heap before
{Heap before GC invocations=46 (full 5):
 PSYoungGen      total 638976K, used 614110K [0x00000000d5580000, 0x00000000fff80000, 0x0000000100000000)
  eden space 579584K, 100% used [0x00000000d5580000,0x00000000f8b80000,0x00000000f8b80000)
  from space 59392K, 58% used [0x00000000fc580000,0x00000000fe737a10,0x00000000fff80000)
  to   space 59392K, 0% used [0x00000000f8b80000,0x00000000f8b80000,0x00000000fc580000)
 ParOldGen       total 403968K, used 324695K [0x0000000080000000, 0x0000000098a80000, 0x00000000d5580000)
  object space 403968K, 80% used [0x0000000080000000,0x0000000093d15fc8,0x0000000098a80000)
 Metaspace       used 95724K, capacity 100424K, committed 100888K, reserved 1136640K
  class space    used 12813K, capacity 13704K, committed 13872K, reserved 1048576K
Event: 48.120 GC heap after
Heap after GC invocations=46 (full 5):
 PSYoungGen      total 612864K, used 32794K [0x00000000d5580000, 0x00000000ffe00000, 0x0000000100000000)
  eden space 579584K, 0% used [0x00000000d5580000,0x00000000d5580000,0x00000000f8b80000)
  from space 33280K, 98% used [0x00000000f8b80000,0x00000000fab869a0,0x00000000fac00000)
  to   space 58368K, 0% used [0x00000000fc500000,0x00000000fc500000,0x00000000ffe00000)
 ParOldGen       total 403968K, used 327441K [0x0000000080000000, 0x0000000098a80000, 0x00000000d5580000)
  object space 403968K, 81% used [0x0000000080000000,0x0000000093fc4748,0x0000000098a80000)
 Metaspace       used 95724K, capacity 100424K, committed 100888K, reserved 1136640K
  class space    used 12813K, capacity 13704K, committed 13872K, reserved 1048576K
}
Event: 48.546 GC heap before
{Heap before GC invocations=47 (full 5):
 PSYoungGen      total 612864K, used 612378K [0x00000000d5580000, 0x00000000ffe00000, 0x0000000100000000)
  eden space 579584K, 100% used [0x00000000d5580000,0x00000000f8b80000,0x00000000f8b80000)
  from space 33280K, 98% used [0x00000000f8b80000,0x00000000fab869a0,0x00000000fac00000)
  to   space 58368K, 0% used [0x00000000fc500000,0x00000000fc500000,0x00000000ffe00000)
 ParOldGen       total 403968K, used 327441K [0x0000000080000000, 0x0000000098a80000, 0x00000000d5580000)
  object space 403968K, 81% used [0x0000000080000000,0x0000000093fc4748,0x0000000098a80000)
 Metaspace       used 95724K, capacity 100424K, committed 100888K, reserved 1136640K
  class space    used 12813K, capacity 13704K, committed 13872K, reserved 1048576K
Event: 48.554 GC heap after
Heap after GC invocations=47 (full 5):
 PSYoungGen      total 640512K, used 30670K [0x00000000d5580000, 0x0000000100000000, 0x0000000100000000)
  eden space 582144K, 0% used [0x00000000d5580000,0x00000000d5580000,0x00000000f8e00000)
  from space 58368K, 52% used [0x00000000fc500000,0x00000000fe2f39c0,0x00000000ffe00000)
  to   space 56320K, 0% used [0x00000000f8e00000,0x00000000f8e00000,0x00000000fc500000)
 ParOldGen       total 403968K, used 330454K [0x0000000080000000, 0x0000000098a80000, 0x00000000d5580000)
  object space 403968K, 81% used [0x0000000080000000,0x00000000942b5830,0x0000000098a80000)
 Metaspace       used 95724K, capacity 100424K, committed 100888K, reserved 1136640K
  class space    used 12813K, capacity 13704K, committed 13872K, reserved 1048576K
}
Event: 66.511 GC heap before
{Heap before GC invocations=48 (full 5):
 PSYoungGen      total 640512K, used 612814K [0x00000000d5580000, 0x0000000100000000, 0x0000000100000000)
  eden space 582144K, 100% used [0x00000000d5580000,0x00000000f8e00000,0x00000000f8e00000)
  from space 58368K, 52% used [0x00000000fc500000,0x00000000fe2f39c0,0x00000000ffe00000)
  to   space 56320K, 0% used [0x00000000f8e00000,0x00000000f8e00000,0x00000000fc500000)
 ParOldGen       total 403968K, used 330454K [0x0000000080000000, 0x0000000098a80000, 0x00000000d5580000)
  object space 403968K, 81% used [0x0000000080000000,0x00000000942b5830,0x0000000098a80000)
 Metaspace       used 99232K, capacity 104080K, committed 104472K, reserved 1140736K
  class space    used 13070K, capacity 14016K, committed 14128K, reserved 1048576K
Event: 66.530 GC heap after
Heap after GC invocations=48 (full 5):
 PSYoungGen      total 638464K, used 33418K [0x00000000d5580000, 0x00000000ffc00000, 0x0000000100000000)
  eden space 582144K, 0% used [0x00000000d5580000,0x00000000d5580000,0x00000000f8e00000)
  from space 56320K, 59% used [0x00000000f8e00000,0x00000000faea29d0,0x00000000fc500000)
  to   space 55296K, 0% used [0x00000000fc600000,0x00000000fc600000,0x00000000ffc00000)
 ParOldGen       total 403968K, used 331478K [0x0000000080000000, 0x0000000098a80000, 0x00000000d5580000)
  object space 403968K, 82% used [0x0000000080000000,0x00000000943b5888,0x0000000098a80000)
 Metaspace       used 99232K, capacity 104080K, committed 104472K, reserved 1140736K
  class space    used 13070K, capacity 14016K, committed 14128K, reserved 1048576K
}

Deoptimization events (10 events):
Event: 69.383 Thread 0x000000002d454000 Uncommon trap: reason=null_check action=make_not_entrant pc=0x0000000005b2c364 method=java.lang.Class.isAnnotation()Z @ 1
Event: 69.397 Thread 0x000000002d454000 Uncommon trap: reason=unstable_if action=reinterpret pc=0x000000000403f220 method=com.sun.org.apache.xerces.internal.dom.ParentNode.nodeListItem(I)Lorg/w3c/dom/Node; @ 15
Event: 69.397 Thread 0x000000002d454000 Uncommon trap: reason=unstable_if action=reinterpret pc=0x00000000040322b8 method=com.sun.org.apache.xerces.internal.dom.ParentNode.nodeListItem(I)Lorg/w3c/dom/Node; @ 15
Event: 69.891 Thread 0x000000002d450000 Uncommon trap: reason=unstable_if action=reinterpret pc=0x0000000003e676a0 method=java.util.concurrent.ConcurrentLinkedQueue.updateHead(Ljava/util/concurrent/ConcurrentLinkedQueue$Node;Ljava/util/concurrent/ConcurrentLinkedQueue$Node;)V @ 11
Event: 69.927 Thread 0x000000001dabd000 Uncommon trap: reason=class_check action=maybe_recompile pc=0x0000000004268a40 method=com.google.common.cache.LocalCache$Segment.get(Ljava/lang/Object;ILcom/google/common/cache/CacheLoader;)Ljava/lang/Object; @ 108
Event: 69.999 Thread 0x000000001dab9000 Uncommon trap: reason=unstable_if action=reinterpret pc=0x0000000004268cf4 method=java.util.concurrent.ConcurrentLinkedQueue.offer(Ljava/lang/Object;)Z @ 91
Event: 70.025 Thread 0x000000001dab9000 Uncommon trap: reason=unstable_if action=reinterpret pc=0x0000000005b5ff74 method=java.util.concurrent.locks.AbstractQueuedSynchronizer.enq(Ljava/util/concurrent/locks/AbstractQueuedSynchronizer$Node;)Ljava/util/concurrent/locks/AbstractQueuedSynchronizer
Event: 70.080 Thread 0x000000001a14b000 Uncommon trap: reason=predicate action=maybe_recompile pc=0x00000000053d5130 method=org.gradle.api.internal.artifacts.result.DefaultResolutionResult.eachElement(Lorg/gradle/api/artifacts/result/ResolvedComponentResult;Lorg/gradle/api/Action;Lorg/gradle/ap
Event: 70.174 Thread 0x000000001a14b000 Uncommon trap: reason=unstable_if action=reinterpret pc=0x0000000003d286f0 method=org.gradle.internal.snapshot.impl.AbstractScalarValueSnapshot.equals(Ljava/lang/Object;)Z @ 19
Event: 70.349 Thread 0x000000002d455800 Uncommon trap: reason=unstable_if action=reinterpret pc=0x00000000055b2db8 method=com.google.common.util.concurrent.AbstractFuture.releaseWaiters()V @ 22

Classes redefined (0 events):
No events

Internal exceptions (10 events):
Event: 48.852 Thread 0x000000001983c800 Exception <a 'java/lang/NoSuchMethodError': <clinit>> (0x00000000e03a0ba8) thrown at [C:\src\AOSP-openjdk-git\hotspot\src\share\vm\prims\jni.cpp, line 1615]
Event: 66.168 Thread 0x000000001a14b000 Implicit null exception at 0x0000000003ee0efe to 0x0000000003ee18d0
Event: 66.224 Thread 0x000000001a14b000 Implicit null exception at 0x000000000535c3f2 to 0x000000000535de4d
Event: 67.043 Thread 0x000000001a14b000 Exception <a 'sun/nio/fs/WindowsException'> (0x00000000e16a72c8) thrown at [C:\src\AOSP-openjdk-git\hotspot\src\share\vm\prims\jni.cpp, line 710]
Event: 67.344 Thread 0x000000002d450000 Implicit null exception at 0x00000000048d68cb to 0x00000000048dd905
Event: 69.156 Thread 0x000000001f417800 Implicit null exception at 0x0000000002c63ed6 to 0x0000000002c64269
Event: 69.160 Thread 0x000000001f417800 Implicit null exception at 0x0000000002c59ed4 to 0x0000000002c5a291
Event: 77.848 Thread 0x000000002d457000 Exception <a 'sun/nio/fs/WindowsException'> (0x00000000efb95e40) thrown at [C:\src\AOSP-openjdk-git\hotspot\src\share\vm\prims\jni.cpp, line 710]
Event: 77.849 Thread 0x000000002d457000 Exception <a 'sun/nio/fs/WindowsException'> (0x00000000efb966b0) thrown at [C:\src\AOSP-openjdk-git\hotspot\src\share\vm\prims\jni.cpp, line 710]
Event: 77.849 Thread 0x000000002d457000 Exception <a 'sun/nio/fs/WindowsException'> (0x00000000efb96b58) thrown at [C:\src\AOSP-openjdk-git\hotspot\src\share\vm\prims\jni.cpp, line 710]

Events (10 events):
Event: 72.202 Executing VM operation: RevokeBias done
Event: 72.202 Thread 0x000000002d454000 Thread exited: 0x000000002d454000
Event: 77.818 Thread 0x000000002d457000 DEOPT PACKING pc=0x00000000044b756b sp=0x000000002dcbda90
Event: 77.818 Thread 0x000000002d457000 DEOPT UNPACKING pc=0x0000000002a275d0 sp=0x000000002dcbd8f0 mode 0
Event: 77.831 Thread 0x000000002d457000 DEOPT PACKING pc=0x00000000044b756b sp=0x000000002dcbd9a0
Event: 77.831 Thread 0x000000002d457000 DEOPT UNPACKING pc=0x0000000002a275d0 sp=0x000000002dcbd800 mode 0
Event: 77.841 Thread 0x000000002d457000 DEOPT PACKING pc=0x00000000044b756b sp=0x000000002dcbd9a0
Event: 77.841 Thread 0x000000002d457000 DEOPT UNPACKING pc=0x0000000002a275d0 sp=0x000000002dcbd800 mode 0
Event: 77.846 Thread 0x000000002d457000 DEOPT PACKING pc=0x00000000044b715c sp=0x000000002dcbd9a0
Event: 77.846 Thread 0x000000002d457000 DEOPT UNPACKING pc=0x0000000002a275d0 sp=0x000000002dcbd800 mode 0


Dynamic libraries:
0x00007ff6a9590000 - 0x00007ff6a95c1000 	D:\Program Files\Android\Android Studio\jre\bin\java.exe
0x00007ffc899b0000 - 0x00007ffc89ba6000 	C:\Windows\SYSTEM32\ntdll.dll
0x00007ffc87f00000 - 0x00007ffc87fbd000 	C:\Windows\System32\KERNEL32.DLL
0x00007ffc87290000 - 0x00007ffc87559000 	C:\Windows\System32\KERNELBASE.dll
0x00007ffc87e40000 - 0x00007ffc87eec000 	C:\Windows\System32\ADVAPI32.dll
0x00007ffc880c0000 - 0x00007ffc8815e000 	C:\Windows\System32\msvcrt.dll
0x00007ffc892e0000 - 0x00007ffc8937c000 	C:\Windows\System32\sechost.dll
0x00007ffc89780000 - 0x00007ffc898ab000 	C:\Windows\System32\RPCRT4.dll
0x00007ffc87ca0000 - 0x00007ffc87e40000 	C:\Windows\System32\USER32.dll
0x00007ffc87880000 - 0x00007ffc878a2000 	C:\Windows\System32\win32u.dll
0x00007ffc87fc0000 - 0x00007ffc87fea000 	C:\Windows\System32\GDI32.dll
0x00007ffc87740000 - 0x00007ffc8784b000 	C:\Windows\System32\gdi32full.dll
0x00007ffc870f0000 - 0x00007ffc8718d000 	C:\Windows\System32\msvcp_win.dll
0x00007ffc87190000 - 0x00007ffc87290000 	C:\Windows\System32\ucrtbase.dll
0x00007ffc7bfa0000 - 0x00007ffc7c23b000 	C:\Windows\WinSxS\amd64_microsoft.windows.common-controls_6595b64144ccf1df_6.0.19041.746_none_ca02b4b61b8320a4\COMCTL32.dll
0x00007ffc89740000 - 0x00007ffc89770000 	C:\Windows\System32\IMM32.DLL
0x0000000060830000 - 0x0000000060902000 	D:\Program Files\Android\Android Studio\jre\jre\bin\msvcr100.dll
0x0000000061260000 - 0x0000000061aab000 	D:\Program Files\Android\Android Studio\jre\jre\bin\server\jvm.dll
0x00007ffc87ef0000 - 0x00007ffc87ef8000 	C:\Windows\System32\PSAPI.DLL
0x00007ffc78c30000 - 0x00007ffc78c57000 	C:\Windows\SYSTEM32\WINMM.dll
0x00007ffc82460000 - 0x00007ffc8246a000 	C:\Windows\SYSTEM32\VERSION.dll
0x00007ffc82800000 - 0x00007ffc82809000 	C:\Windows\SYSTEM32\WSOCK32.dll
0x00007ffc89430000 - 0x00007ffc8949b000 	C:\Windows\System32\WS2_32.dll
0x00007ffc80fd0000 - 0x00007ffc80fdf000 	D:\Program Files\Android\Android Studio\jre\jre\bin\verify.dll
0x00007ffc80fa0000 - 0x00007ffc80fc9000 	D:\Program Files\Android\Android Studio\jre\jre\bin\java.dll
0x00007ffc80f80000 - 0x00007ffc80f96000 	D:\Program Files\Android\Android Studio\jre\jre\bin\zip.dll
0x00007ffc88720000 - 0x00007ffc88e63000 	C:\Windows\System32\SHELL32.dll
0x00007ffc85270000 - 0x00007ffc859ff000 	C:\Windows\SYSTEM32\windows.storage.dll
0x00007ffc88160000 - 0x00007ffc884b6000 	C:\Windows\System32\combase.dll
0x00007ffc86b50000 - 0x00007ffc86b7c000 	C:\Windows\SYSTEM32\Wldp.dll
0x00007ffc89380000 - 0x00007ffc8942e000 	C:\Windows\System32\SHCORE.dll
0x00007ffc89910000 - 0x00007ffc89965000 	C:\Windows\System32\shlwapi.dll
0x00007ffc87020000 - 0x00007ffc87046000 	C:\Windows\SYSTEM32\profapi.dll
0x00007ffc80f60000 - 0x00007ffc80f7a000 	D:\Program Files\Android\Android Studio\jre\jre\bin\net.dll
0x00007ffc868d0000 - 0x00007ffc8693a000 	C:\Windows\system32\mswsock.dll
0x00007ffc80f40000 - 0x00007ffc80f53000 	D:\Program Files\Android\Android Studio\jre\jre\bin\nio.dll
0x00007ffc76dc0000 - 0x00007ffc76de7000 	C:\Users\pkalk\.gradle\native\f6784746aeab05261644944871eae4fe03e0ef1612fff0a4a95f87b438bc6780\windows-amd64\native-platform.dll
0x00007ffc7c2e0000 - 0x00007ffc7c2ed000 	D:\Program Files\Android\Android Studio\jre\jre\bin\management.dll
0x00007ffc86ab0000 - 0x00007ffc86ac8000 	C:\Windows\SYSTEM32\CRYPTSP.dll
0x00007ffc86200000 - 0x00007ffc86234000 	C:\Windows\system32\rsaenh.dll
0x00007ffc87850000 - 0x00007ffc87877000 	C:\Windows\System32\bcrypt.dll
0x00007ffc86fe0000 - 0x00007ffc8700e000 	C:\Windows\SYSTEM32\USERENV.dll
0x00007ffc87610000 - 0x00007ffc87690000 	C:\Windows\System32\bcryptprimitives.dll
0x00007ffc86aa0000 - 0x00007ffc86aac000 	C:\Windows\SYSTEM32\CRYPTBASE.dll
0x00007ffc86570000 - 0x00007ffc865ab000 	C:\Windows\SYSTEM32\IPHLPAPI.DLL
0x00007ffc89690000 - 0x00007ffc89698000 	C:\Windows\System32\NSI.dll
0x00007ffc82440000 - 0x00007ffc82457000 	C:\Windows\SYSTEM32\dhcpcsvc6.DLL
0x00007ffc82420000 - 0x00007ffc8243d000 	C:\Windows\SYSTEM32\dhcpcsvc.DLL
0x00007ffc865b0000 - 0x00007ffc8667b000 	C:\Windows\SYSTEM32\DNSAPI.dll
0x00007ffc824d0000 - 0x00007ffc824db000 	C:\Windows\SYSTEM32\WINNSI.DLL
0x00007ffc76f30000 - 0x00007ffc76f4e000 	C:\Users\pkalk\AppData\Local\Temp\native-platform4167887372564955814dir\native-platform.dll

VM Arguments:
jvm_args: -Xmx2048m -Dfile.encoding=UTF-8 -Duser.country=GB -Duser.language=en -Duser.variant 
java_command: org.gradle.launcher.daemon.bootstrap.GradleDaemon 6.5
java_class_path (initial): C:\Users\pkalk\.gradle\wrapper\dists\gradle-6.5-bin\6nifqtx7604sqp1q6g8wikw7p\gradle-6.5\lib\gradle-launcher-6.5.jar
Launcher Type: SUN_STANDARD

Environment Variables:
JAVA_HOME=C:\Program Files\Java\OpenJdk8
PATH=C:\Windows\system32;C:\Windows;C:\Windows\System32\Wbem;C:\Windows\System32\WindowsPowerShell\v1.0\;C:\Windows\System32\OpenSSH\;D:\Program Files\PuTTY\;C:\Program Files (x86)\NVIDIA Corporation\PhysX\Common;C:\Program Files\NVIDIA Corporation\NVIDIA NvDLISR;C:\Program Files\Git\cmd;C:\Program Files\Java\jdk-15.0.1\bin;C:\Users\pkalk\AppData\Local\Programs\Python\Python39\Scripts\;C:\Users\pkalk\AppData\Local\Programs\Python\Python39\;C:\Users\pkalk\AppData\Local\Microsoft\WindowsApps;C:\Program Files\JetBrains\PyCharm Community Edition 2020.2.2\bin;;C:\Users\pkalk\AppData\Local\Android\Sdk\platform-tools;
USERNAME=pkalk
OS=Windows_NT
PROCESSOR_IDENTIFIER=Intel64 Family 6 Model 60 Stepping 3, GenuineIntel



---------------  S Y S T E M  ---------------

OS: Windows 10.0 , 64 bit Build 19041 (10.0.19041.662)

CPU:total 4 (initial active 4) (4 cores per cpu, 1 threads per core) family 6 model 60 stepping 3, cmov, cx8, fxsr, mmx, sse, sse2, sse3, ssse3, sse4.1, sse4.2, popcnt, avx, avx2, aes, clmul, erms, lzcnt, tsc, tscinvbit, bmi1, bmi2

Memory: 4k page, physical 8050684k(899324k free), swap 16582788k(3992k free)

vm_info: OpenJDK 64-Bit Server VM (25.242-b01) for windows-amd64 JRE (1.8.0_242-release-1644-b01), built by "builder" with MS VC++ 10.0 (VS2010)

time: Fri Jan 22 11:10:31 2021
timezone: Central European Standard Time
elapsed time: 79 seconds (0d 0h 1m 19s)

